198.000000 53
209.000000 53
209.000000 53
198.000000 53
209.000000 53
209.000000 112
264.000000 112
363.000000 112
418.000000 112
429.000000 112
451.000000 112
462.000000 112
462.000000 112
462.000000 112
462.000000 112
462.000000 112
473.000000 112
462.000000 112
462.000000 112
462.000000 112
473.000000 112
462.000000 112
462.000000 112
473.000000 112
462.000000 112
462.000000 143
495.000000 143
550.000000 143
561.000000 143
583.000000 143
594.000000 143
605.000000 143
594.000000 143
605.000000 143
594.000000 143
594.000000 143
605.000000 143
605.000000 143
605.000000 143
605.000000 143
605.000000 143
605.000000 143
605.000000 143
605.000000 143
605.000000 143
605.000000 37
495.000000 37
341.000000 37
231.000000 37
198.000000 37
165.000000 37
143.000000 37
143.000000 37
143.000000 37
132.000000 37
132.000000 37
143.000000 37
132.000000 37
132.000000 37
132.000000 37
132.000000 37
143.000000 37
132.000000 37
132.000000 37
132.000000 37
143.000000 111
220.000000 111
319.000000 111
385.000000 111
407.000000 111
429.000000 111
429.000000 111
440.000000 111
451.000000 111
451.000000 111
440.000000 111
451.000000 111
451.000000 111
451.000000 111
451.000000 111
451.000000 111
451.000000 111
451.000000 111
451.000000 111
451.000000 111
451.000000 140
473.000000 140
517.000000 140
550.000000 140
550.000000 140
572.000000 140
561.000000 140
572.000000 140
583.000000 140
572.000000 140
583.000000 140
572.000000 140
583.000000 140
572.000000 140
583.000000 140
572.000000 140
583.000000 140
583.000000 140
572.000000 140
583.000000 140
572.000000 10
451.000000 10
242.000000 10
132.000000 10
77.000000 10
44.000000 10
33.000000 10
22.000000 10
22.000000 10
11.000000 10
11.000000 10
22.000000 10
11.000000 10
11.000000 10
11.000000 10
0.000000 10
11.000000 10
11.000000 10
11.000000 10
11.000000 10
33.000000 195
220.000000 195
506.000000 195
627.000000 195
693.000000 195
737.000000 195
748.000000 195
770.000000 195
781.000000 195
781.000000 195
792.000000 195
781.000000 195
792.000000 195
792.000000 195
792.000000 195
792.000000 195
792.000000 195
792.000000 195
792.000000 195
792.000000 195
803.000000 150
759.000000 150
715.000000 150
682.000000 150
660.000000 150
649.000000 150
638.000000 150
638.000000 150
627.000000 150
627.000000 150
627.000000 150
627.000000 150
627.000000 150
627.000000 150
627.000000 150
627.000000 150
627.000000 150
627.000000 150
627.000000 150
616.000000 150
627.000000 210
671.000000 210
748.000000 210
781.000000 210
803.000000 210
825.000000 210
836.000000 210
836.000000 210
847.000000 210
847.000000 210
847.000000 210
847.000000 210
847.000000 210
847.000000 210
858.000000 210
847.000000 210
847.000000 210
858.000000 210
847.000000 210
847.000000 210
858.000000 197
836.000000 197
836.000000 197
814.000000 197
814.000000 197
814.000000 197
803.000000 197
803.000000 197
814.000000 197
803.000000 197
803.000000 197
803.000000 197
803.000000 197
803.000000 197
803.000000 197
803.000000 197
803.000000 197
803.000000 197
803.000000 197
803.000000 197
803.000000 194
792.000000 194
803.000000 194
792.000000 194
792.000000 194
792.000000 194
792.000000 194
792.000000 194
792.000000 194
792.000000 194
792.000000 194
792.000000 194
792.000000 194
792.000000 194
792.000000 194
792.000000 194
792.000000 194
792.000000 194
792.000000 194
792.000000 194
781.000000 69
693.000000 69
517.000000 69
418.000000 69
363.000000 69
319.000000 69
297.000000 69
286.000000 69
286.000000 69
275.000000 69
275.000000 69
275.000000 69
275.000000 69
275.000000 69
275.000000 69
275.000000 69
275.000000 69
275.000000 69
264.000000 69
275.000000 69
275.000000 14
220.000000 14
121.000000 14
88.000000 14
55.000000 14
55.000000 14
22.000000 14
33.000000 14
33.000000 14
33.000000 14
33.000000 14
33.000000 14
33.000000 14
33.000000 14
33.000000 14
33.000000 14
33.000000 14
33.000000 14
33.000000 14
33.000000 14
33.000000 211
253.000000 211
550.000000 211
693.000000 211
748.000000 211
803.000000 211
814.000000 211
836.000000 211
847.000000 211
847.000000 211
858.000000 211
847.000000 211
858.000000 211
858.000000 211
858.000000 211
847.000000 211
858.000000 211
858.000000 211
858.000000 211
858.000000 211
858.000000 103
781.000000 103
649.000000 103
561.000000 103
506.000000 103
473.000000 103
451.000000 103
440.000000 103
440.000000 103
429.000000 103
418.000000 103
429.000000 103
429.000000 103
418.000000 103
429.000000 103
418.000000 103
429.000000 103
418.000000 103
429.000000 103
418.000000 103
418.000000 11
330.000000 11
187.000000 11
99.000000 11
66.000000 11
44.000000 11
11.000000 11
33.000000 11
33.000000 11
22.000000 11
11.000000 11
11.000000 11
11.000000 11
22.000000 11
33.000000 11
11.000000 11
11.000000 11
22.000000 11
22.000000 11
11.000000 11
22.000000 70
88.000000 70
176.000000 70
220.000000 70
242.000000 70
253.000000 70
275.000000 70
264.000000 70
275.000000 70
275.000000 70
275.000000 70
275.000000 70
275.000000 70
275.000000 70
275.000000 70
275.000000 70
275.000000 70
275.000000 70
275.000000 70
275.000000 70
275.000000 38
242.000000 38
198.000000 38
165.000000 38
154.000000 38
143.000000 38
143.000000 38
132.000000 38
143.000000 38
132.000000 38
132.000000 38
132.000000 38
143.000000 38
132.000000 38
132.000000 38
132.000000 38
132.000000 38
132.000000 38
132.000000 38
132.000000 38
132.000000 10
110.000000 10
55.000000 10
33.000000 10
-11.000000 10
22.000000 10
11.000000 10
11.000000 10
11.000000 10
11.000000 10
0.000000 10
11.000000 10
-11.000000 10
0.000000 10
11.000000 10
11.000000 10
11.000000 10
11.000000 10
11.000000 10
11.000000 10
0.000000 251
264.000000 251
627.000000 251
792.000000 251
880.000000 251
935.000000 251
957.000000 251
968.000000 251
990.000000 251
1001.000000 251
1001.000000 251
1001.000000 251
1012.000000 251
1012.000000 251
1012.000000 251
1012.000000 251
1001.000000 251
1012.000000 251
1001.000000 251
1012.000000 251
1012.000000 17
803.000000 17
473.000000 17
264.000000 17
165.000000 17
99.000000 17
77.000000 17
66.000000 17
55.000000 17
44.000000 17
55.000000 17
44.000000 17
55.000000 17
44.000000 17
44.000000 17
55.000000 17
44.000000 17
55.000000 17
55.000000 17
44.000000 17
55.000000 105
154.000000 105
286.000000 105
352.000000 105
385.000000 105
396.000000 105
418.000000 105
418.000000 105
418.000000 105
429.000000 105
429.000000 105
429.000000 105
429.000000 105
429.000000 105
429.000000 105
429.000000 105
429.000000 105
429.000000 105
429.000000 105
429.000000 105
429.000000 165
484.000000 165
583.000000 165
616.000000 165
649.000000 165
660.000000 165
671.000000 165
671.000000 165
682.000000 165
682.000000 165
682.000000 165
693.000000 165
682.000000 165
693.000000 165
682.000000 165
682.000000 165
693.000000 165
682.000000 165
693.000000 165
682.000000 165
682.000000 250
759.000000 250
858.000000 250
913.000000 250
946.000000 250
979.000000 250
979.000000 250
990.000000 250
1001.000000 250
1001.000000 250
1012.000000 250
1012.000000 250
1012.000000 250
1012.000000 250
1012.000000 250
1012.000000 250
1001.000000 250
1012.000000 250
1001.000000 250
1012.000000 250
1012.000000 165
957.000000 165
869.000000 165
803.000000 165
759.000000 165
737.000000 165
715.000000 165
704.000000 165
704.000000 165
704.000000 165
693.000000 165
693.000000 165
693.000000 165
693.000000 165
693.000000 165
682.000000 165
693.000000 165
693.000000 165
693.000000 165
693.000000 165
693.000000 76
605.000000 76
484.000000 76
418.000000 76
363.000000 76
330.000000 76
330.000000 76
308.000000 76
319.000000 76
308.000000 76
308.000000 76
308.000000 76
297.000000 76
308.000000 76
308.000000 76
297.000000 76
308.000000 76
308.000000 76
297.000000 76
308.000000 76
308.000000 105
330.000000 105
374.000000 105
407.000000 105
418.000000 105
418.000000 105
429.000000 105
418.000000 105
440.000000 105
429.000000 105
429.000000 105
429.000000 105
440.000000 105
429.000000 105
429.000000 105
429.000000 105
440.000000 105
429.000000 105
429.000000 105
440.000000 105
429.000000 25
352.000000 25
220.000000 25
165.000000 25
121.000000 25
99.000000 25
88.000000 25
88.000000 25
88.000000 25
77.000000 25
88.000000 25
77.000000 25
77.000000 25
77.000000 25
77.000000 25
88.000000 25
77.000000 25
77.000000 25
77.000000 25
88.000000 25
77.000000 95
165.000000 95
253.000000 95
319.000000 95
341.000000 95
363.000000 95
374.000000 95
374.000000 95
385.000000 95
374.000000 95
385.000000 95
385.000000 95
385.000000 95
385.000000 95
385.000000 95
385.000000 95
385.000000 95
385.000000 95
385.000000 95
385.000000 95
385.000000 152
440.000000 152
517.000000 152
572.000000 152
594.000000 152
605.000000 152
616.000000 152
627.000000 152
627.000000 152
627.000000 152
627.000000 152
638.000000 152
627.000000 152
638.000000 152
638.000000 152
638.000000 152
627.000000 152
638.000000 152
638.000000 152
627.000000 152
638.000000 98
583.000000 98
517.000000 98
473.000000 98
440.000000 98
418.000000 98
407.000000 98
407.000000 98
407.000000 98
407.000000 98
396.000000 98
396.000000 98
407.000000 98
396.000000 98
396.000000 98
396.000000 98
407.000000 98
396.000000 98
396.000000 98
396.000000 98
396.000000 169
462.000000 169
572.000000 169
616.000000 169
660.000000 169
671.000000 169
682.000000 169
682.000000 169
693.000000 169
704.000000 169
693.000000 169
693.000000 169
704.000000 169
693.000000 169
704.000000 169
693.000000 169
704.000000 169
693.000000 169
704.000000 169
693.000000 169
704.000000 177
704.000000 177
715.000000 177
715.000000 177
726.000000 177
726.000000 177
726.000000 177
726.000000 177
737.000000 177
726.000000 177
726.000000 177
737.000000 177
726.000000 177
726.000000 177
726.000000 177
737.000000 177
726.000000 177
726.000000 177
737.000000 177
726.000000 177
726.000000 195
748.000000 195
759.000000 195
781.000000 195
781.000000 195
792.000000 195
792.000000 195
792.000000 195
792.000000 195
792.000000 195
803.000000 195
792.000000 195
792.000000 195
803.000000 195
792.000000 195
792.000000 195
803.000000 195
792.000000 195
792.000000 195
792.000000 195
803.000000 253
836.000000 253
902.000000 253
935.000000 253
968.000000 253
979.000000 253
990.000000 253
1001.000000 253
1001.000000 253
1012.000000 253
1001.000000 253
1012.000000 253
1012.000000 253
1012.000000 253
1012.000000 253
1012.000000 253
1012.000000 253
1012.000000 253
1012.000000 253
1012.000000 253
1012.000000 16
814.000000 16
473.000000 16
275.000000 16
176.000000 16
99.000000 16
77.000000 16
66.000000 16
44.000000 16
44.000000 16
55.000000 16
33.000000 16
33.000000 16
44.000000 16
22.000000 16
44.000000 16
44.000000 16
44.000000 16
44.000000 16
44.000000 16
33.000000 209
264.000000 209
539.000000 209
682.000000 209
748.000000 209
781.000000 209
803.000000 209
825.000000 209
836.000000 209
836.000000 209
836.000000 209
847.000000 209
836.000000 209
847.000000 209
847.000000 209
847.000000 209
847.000000 209
847.000000 209
847.000000 209
847.000000 209
847.000000 115
770.000000 115
671.000000 115
605.000000 115
539.000000 115
517.000000 115
506.000000 115
495.000000 115
484.000000 115
484.000000 115
484.000000 115
473.000000 115
473.000000 115
473.000000 115
473.000000 115
473.000000 115
473.000000 115
473.000000 115
473.000000 115
473.000000 115
473.000000 188
539.000000 188
638.000000 188
693.000000 188
715.000000 188
737.000000 188
748.000000 188
759.000000 188
759.000000 188
759.000000 188
770.000000 188
770.000000 188
759.000000 188
770.000000 188
770.000000 188
770.000000 188
770.000000 188
770.000000 188
781.000000 188
770.000000 188
770.000000 166
748.000000 166
737.000000 166
715.000000 166
704.000000 166
704.000000 166
693.000000 166
693.000000 166
682.000000 166
693.000000 166
693.000000 166
682.000000 166
693.000000 166
682.000000 166
682.000000 166
693.000000 166
682.000000 166
693.000000 166
682.000000 166
693.000000 166
682.000000 57
583.000000 57
440.000000 57
341.000000 57
286.000000 57
253.000000 57
242.000000 57
231.000000 57
220.000000 57
231.000000 57
220.000000 57
220.000000 57
220.000000 57
220.000000 57
220.000000 57
220.000000 57
220.000000 57
220.000000 57
220.000000 57
220.000000 57
220.000000 46
209.000000 46
187.000000 46
187.000000 46
176.000000 46
176.000000 46
165.000000 46
176.000000 46
165.000000 46
176.000000 46
165.000000 46
165.000000 46
176.000000 46
165.000000 46
165.000000 46
165.000000 46
176.000000 46
165.000000 46
165.000000 46
165.000000 46
176.000000 231
363.000000 231
627.000000 231
759.000000 231
825.000000 231
869.000000 231
880.000000 231
902.000000 231
913.000000 231
913.000000 231
924.000000 231
924.000000 231
924.000000 231
935.000000 231
924.000000 231
935.000000 231
935.000000 231
935.000000 231
924.000000 231
935.000000 231
935.000000 111
847.000000 111
715.000000 111
627.000000 111
572.000000 111
517.000000 111
495.000000 111
473.000000 111
473.000000 111
462.000000 111
462.000000 111
451.000000 111
462.000000 111
451.000000 111
451.000000 111
462.000000 111
451.000000 111
451.000000 111
451.000000 111
451.000000 111
451.000000 104
451.000000 104
440.000000 104
429.000000 104
429.000000 104
429.000000 104
418.000000 104
418.000000 104
429.000000 104
418.000000 104
418.000000 104
418.000000 104
429.000000 104
418.000000 104
418.000000 104
418.000000 104
418.000000 104
418.000000 104
429.000000 104
418.000000 104
418.000000 249
561.000000 249
748.000000 249
847.000000 249
902.000000 249
935.000000 249
957.000000 249
968.000000 249
979.000000 249
990.000000 249
990.000000 249
1001.000000 249
990.000000 249
1001.000000 249
1001.000000 249
1001.000000 249
990.000000 249
1001.000000 249
1001.000000 249
1001.000000 249
1001.000000 158
946.000000 158
858.000000 158
781.000000 158
748.000000 158
704.000000 158
693.000000 158
682.000000 158
660.000000 158
660.000000 158
660.000000 158
660.000000 158
649.000000 158
649.000000 158
649.000000 158
649.000000 158
660.000000 158
649.000000 158
649.000000 158
660.000000 158
649.000000 188
671.000000 188
704.000000 188
726.000000 188
748.000000 188
748.000000 188
748.000000 188
759.000000 188
759.000000 188
759.000000 188
759.000000 188
759.000000 188
759.000000 188
759.000000 188
759.000000 188
759.000000 188
770.000000 188
759.000000 188
759.000000 188
759.000000 188
759.000000 162
748.000000 162
715.000000 162
693.000000 162
693.000000 162
682.000000 162
671.000000 162
671.000000 162
671.000000 162
671.000000 162
660.000000 162
671.000000 162
671.000000 162
660.000000 162
671.000000 162
660.000000 162
671.000000 162
660.000000 162
671.000000 162
660.000000 162
671.000000 251
737.000000 251
836.000000 251
902.000000 251
924.000000 251
957.000000 251
968.000000 251
979.000000 251
979.000000 251
1001.000000 251
1001.000000 251
1001.000000 251
1001.000000 251
1023.000000 251
1012.000000 251
1012.000000 251
1001.000000 251
1012.000000 251
1012.000000 251
1001.000000 251
1012.000000 66
858.000000 66
627.000000 66
495.000000 66
418.000000 66
341.000000 66
308.000000 66
297.000000 66
275.000000 66
264.000000 66
264.000000 66
264.000000 66
264.000000 66
264.000000 66
242.000000 66
264.000000 66
264.000000 66
264.000000 66
253.000000 66
264.000000 66
264.000000 6
187.000000 6
110.000000 6
66.000000 6
22.000000 6
11.000000 6
-11.000000 6
33.000000 6
0.000000 6
-11.000000 6
33.000000 6
44.000000 6
0.000000 6
0.000000 6
0.000000 6
0.000000 6
0.000000 6
0.000000 6
0.000000 6
0.000000 6
0.000000 127
132.000000 127
330.000000 127
407.000000 127
462.000000 127
484.000000 127
495.000000 127
517.000000 127
517.000000 127
517.000000 127
517.000000 127
517.000000 127
517.000000 127
517.000000 127
517.000000 127
528.000000 127
517.000000 127
528.000000 127
517.000000 127
517.000000 127
528.000000 39
429.000000 39
308.000000 39
220.000000 39
198.000000 39
165.000000 39
154.000000 39
154.000000 39
143.000000 39
143.000000 39
143.000000 39
143.000000 39
143.000000 39
143.000000 39
143.000000 39
143.000000 39
143.000000 39
143.000000 39
143.000000 39
143.000000 39
143.000000 178
308.000000 178
495.000000 178
605.000000 178
649.000000 178
682.000000 178
693.000000 178
715.000000 178
715.000000 178
726.000000 178
726.000000 178
726.000000 178
737.000000 178
726.000000 178
737.000000 178
726.000000 178
726.000000 178
737.000000 178
726.000000 178
737.000000 178
726.000000 174
726.000000 174
726.000000 174
715.000000 174
715.000000 174
715.000000 174
726.000000 174
715.000000 174
715.000000 174
704.000000 174
715.000000 174
715.000000 174
715.000000 174
715.000000 174
704.000000 174
715.000000 174
715.000000 174
715.000000 174
704.000000 174
715.000000 174
715.000000 246
759.000000 246
847.000000 246
902.000000 246
924.000000 246
957.000000 246
957.000000 246
968.000000 246
979.000000 246
979.000000 246
990.000000 246
990.000000 246
990.000000 246
990.000000 246
990.000000 246
990.000000 246
990.000000 246
990.000000 246
990.000000 246
990.000000 246
990.000000 238
990.000000 238
979.000000 238
968.000000 238
968.000000 238
979.000000 238
968.000000 238
957.000000 238
968.000000 238
968.000000 238
968.000000 238
968.000000 238
968.000000 238
957.000000 238
968.000000 238
968.000000 238
957.000000 238
968.000000 238
968.000000 238
968.000000 238
957.000000 141
902.000000 141
803.000000 141
726.000000 141
671.000000 141
638.000000 141
627.000000 141
605.000000 141
605.000000 141
594.000000 141
594.000000 141
594.000000 141
594.000000 141
583.000000 141
594.000000 141
594.000000 141
594.000000 141
583.000000 141
594.000000 141
594.000000 141
583.000000 198
638.000000 198
693.000000 198
726.000000 198
748.000000 198
770.000000 198
770.000000 198
792.000000 198
781.000000 198
792.000000 198
781.000000 198
792.000000 198
792.000000 198
792.000000 198
792.000000 198
792.000000 198
792.000000 198
792.000000 198
803.000000 198
792.000000 198
792.000000 139
748.000000 139
693.000000 139
649.000000 139
616.000000 139
605.000000 139
594.000000 139
583.000000 139
572.000000 139