583.000000 188
572.000000 188
561.000000 188
572.000000 188
561.000000 188
561.000000 188
572.000000 188
561.000000 188
561.000000 188
561.000000 188
561.000000 188
561.000000 188
550.000000 188
561.000000 188
550.000000 188
561.000000 188
550.000000 188
572.000000 188
561.000000 157
550.000000 157
517.000000 157
506.000000 157
484.000000 157
484.000000 157
462.000000 157
473.000000 157
462.000000 157
462.000000 157
462.000000 157
451.000000 157
462.000000 157
462.000000 157
462.000000 157
462.000000 157
462.000000 157
462.000000 157
462.000000 157
462.000000 157
473.000000 217
517.000000 217
583.000000 217
605.000000 217
627.000000 217
638.000000 217
660.000000 217
649.000000 217
660.000000 217
671.000000 217
671.000000 217
671.000000 217
682.000000 217
671.000000 217
671.000000 217
682.000000 217
671.000000 217
671.000000 217
660.000000 217
660.000000 217
671.000000 60
528.000000 60
352.000000 60
297.000000 60
264.000000 60
198.000000 60
143.000000 60
110.000000 60
99.000000 60
99.000000 60
88.000000 60
88.000000 60
66.000000 60
77.000000 60
66.000000 60
66.000000 60
55.000000 60
55.000000 60
55.000000 60
55.000000 60
66.000000 213
220.000000 213
385.000000 213
407.000000 213
462.000000 213
561.000000 213
605.000000 213
605.000000 213
616.000000 213
616.000000 213
638.000000 213
638.000000 213
638.000000 213
638.000000 213
649.000000 213
649.000000 213
638.000000 213
649.000000 213
638.000000 213
649.000000 213
660.000000 172
627.000000 172
572.000000 172
572.000000 172
550.000000 172
528.000000 172
528.000000 172
517.000000 172
517.000000 172
517.000000 172
517.000000 172
517.000000 172
506.000000 172
517.000000 172
506.000000 172
495.000000 172
506.000000 172
495.000000 172
506.000000 172
517.000000 172
506.000000 140
484.000000 140
451.000000 140
429.000000 140
429.000000 140
407.000000 140
396.000000 140
407.000000 140
385.000000 140
385.000000 140
396.000000 140
396.000000 140
385.000000 140
385.000000 140
396.000000 140
396.000000 140
385.000000 140
396.000000 140
385.000000 140
385.000000 140
385.000000 206
440.000000 206
528.000000 206
539.000000 206
550.000000 206
583.000000 206
605.000000 206
594.000000 206
605.000000 206
605.000000 206
616.000000 206
605.000000 206
616.000000 206
605.000000 206
616.000000 206
605.000000 206
616.000000 206
605.000000 206
616.000000 206
605.000000 206
616.000000 250
660.000000 250
693.000000 250
726.000000 250
726.000000 250
748.000000 250
748.000000 250
759.000000 250
748.000000 250
759.000000 250
759.000000 250
759.000000 250
759.000000 250
759.000000 250
770.000000 250
759.000000 250
759.000000 250
770.000000 250
770.000000 250
770.000000 250
770.000000 172
715.000000 172
638.000000 172
605.000000 172
594.000000 172
550.000000 172
550.000000 172
528.000000 172
528.000000 172
517.000000 172
506.000000 172
517.000000 172
506.000000 172
517.000000 172
495.000000 172
506.000000 172
506.000000 172
506.000000 172
506.000000 172
506.000000 172
506.000000 142
484.000000 142
451.000000 142
440.000000 142
429.000000 142
418.000000 142
407.000000 142
407.000000 142
396.000000 142
407.000000 142
396.000000 142
396.000000 142
396.000000 142
396.000000 142
407.000000 142
396.000000 142
396.000000 142
396.000000 142
396.000000 142
385.000000 142
396.000000 104
352.000000 104
297.000000 104
297.000000 104
286.000000 104
264.000000 104
253.000000 104
242.000000 104
242.000000 104
242.000000 104
253.000000 104
242.000000 104
231.000000 104
242.000000 104
242.000000 104
231.000000 104
231.000000 104
231.000000 104
231.000000 104
231.000000 104
231.000000 138
275.000000 138
308.000000 138
319.000000 138
319.000000 138
341.000000 138
363.000000 138
352.000000 138
363.000000 138
363.000000 138
363.000000 138
363.000000 138
374.000000 138
374.000000 138
374.000000 138
374.000000 138
374.000000 138
385.000000 138
374.000000 138
374.000000 138
374.000000 210
440.000000 210
517.000000 210
539.000000 210
561.000000 210
594.000000 210
616.000000 210
616.000000 210
616.000000 210
627.000000 210
627.000000 210
627.000000 210
627.000000 210
627.000000 210
616.000000 210
627.000000 210
616.000000 210
616.000000 210
616.000000 210
616.000000 210
627.000000 220
616.000000 220
638.000000 220
649.000000 220
649.000000 220
660.000000 220
660.000000 220
671.000000 220
660.000000 220
671.000000 220
660.000000 220
671.000000 220
660.000000 220
660.000000 220
671.000000 220
660.000000 220
660.000000 220
660.000000 220
649.000000 220
660.000000 220
660.000000 137
594.000000 137
517.000000 137
484.000000 137
451.000000 137
429.000000 137
407.000000 137
385.000000 137
385.000000 137
374.000000 137
374.000000 137
363.000000 137
374.000000 137
363.000000 137
363.000000 137
374.000000 137
374.000000 137
363.000000 137
363.000000 137
374.000000 137
374.000000 216
440.000000 216
528.000000 216
539.000000 216
572.000000 216
605.000000 216
616.000000 216
616.000000 216
627.000000 216
627.000000 216
627.000000 216
638.000000 216
649.000000 216
638.000000 216
649.000000 216
649.000000 216
660.000000 216
649.000000 216
649.000000 216
649.000000 216
649.000000 70
517.000000 70
374.000000 70
319.000000 70
275.000000 70
231.000000 70
154.000000 70
132.000000 70
132.000000 70
121.000000 70
110.000000 70
99.000000 70
99.000000 70
88.000000 70
88.000000 70
88.000000 70
88.000000 70
77.000000 70
88.000000 70
77.000000 70
88.000000 156
187.000000 156
286.000000 156
297.000000 156
330.000000 156
396.000000 156
429.000000 156
440.000000 156
429.000000 156
418.000000 156
429.000000 156
429.000000 156
440.000000 156
429.000000 156
440.000000 156
451.000000 156
440.000000 156
451.000000 156
440.000000 156
429.000000 156
440.000000 82
374.000000 82
286.000000 82
264.000000 82
242.000000 82
209.000000 82
176.000000 82
143.000000 82
143.000000 82
154.000000 82
154.000000 82
143.000000 82
132.000000 82
132.000000 82
121.000000 82
132.000000 82
143.000000 82
132.000000 82
121.000000 82
132.000000 82
132.000000 241
319.000000 241
484.000000 241
506.000000 241
561.000000 241
649.000000 241
693.000000 241
693.000000 241
693.000000 241
715.000000 241
726.000000 241
726.000000 241
726.000000 241
726.000000 241
737.000000 241
737.000000 241
748.000000 241
737.000000 241
748.000000 241
737.000000 241
737.000000 82
605.000000 82
451.000000 82
385.000000 82
341.000000 82
286.000000 82
242.000000 82
198.000000 82
198.000000 82
176.000000 82
187.000000 82
165.000000 82
165.000000 82
154.000000 82
154.000000 82
154.000000 82
154.000000 82
154.000000 82
154.000000 82
154.000000 82
154.000000 40
110.000000 40
66.000000 40
55.000000 40
44.000000 40
33.000000 40
0.000000 40
0.000000 40
0.000000 40
0.000000 40
0.000000 40
0.000000 40
0.000000 40
0.000000 40
0.000000 40
0.000000 40
0.000000 40
0.000000 40
0.000000 40
0.000000 40
0.000000 23
0.000000 23
0.000000 23
0.000000 23
0.000000 23
0.000000 23
0.000000 23
0.000000 23
0.000000 23
0.000000 23
0.000000 23
0.000000 23
0.000000 23
0.000000 23
0.000000 23
0.000000 23
0.000000 23
0.000000 23
0.000000 23
0.000000 23
0.000000 244
209.000000 244
407.000000 244
440.000000 244
517.000000 244
638.000000 244
704.000000 244
704.000000 244
715.000000 244
726.000000 244
748.000000 244
748.000000 244
748.000000 244
748.000000 244
759.000000 244
759.000000 244
759.000000 244
759.000000 244
748.000000 244
759.000000 244
759.000000 87
638.000000 87
462.000000 87
396.000000 87
363.000000 87
308.000000 87
264.000000 87
231.000000 87
220.000000 87
220.000000 87
187.000000 87
187.000000 87
176.000000 87
165.000000 87
165.000000 87
165.000000 87
165.000000 87
176.000000 87
165.000000 87
154.000000 87
165.000000 27
99.000000 27
44.000000 27
22.000000 27
22.000000 27
0.000000 27
0.000000 27
0.000000 27
0.000000 27
0.000000 27
0.000000 27
0.000000 27
0.000000 27
0.000000 27
0.000000 27
0.000000 27
0.000000 27
0.000000 27
0.000000 27
0.000000 27
0.000000 163
154.000000 163
308.000000 163
286.000000 163
297.000000 163
363.000000 163
451.000000 163
462.000000 163
440.000000 163
440.000000 163
462.000000 163
462.000000 163
473.000000 163
462.000000 163
473.000000 163
462.000000 163
462.000000 163
462.000000 163
473.000000 163
462.000000 163
462.000000 158
462.000000 158
451.000000 158
451.000000 158
462.000000 158
451.000000 158
451.000000 158
462.000000 158
451.000000 158
462.000000 158
462.000000 158
451.000000 158
462.000000 158
451.000000 158
451.000000 158
451.000000 158
451.000000 158
451.000000 158
440.000000 158
451.000000 158
440.000000 214
506.000000 214
550.000000 214
572.000000 214
594.000000 214
605.000000 214
627.000000 214
616.000000 214
627.000000 214
638.000000 214
638.000000 214
638.000000 214
649.000000 214
638.000000 214
638.000000 214
649.000000 214
649.000000 214
649.000000 214
638.000000 214
649.000000 214
649.000000 195
627.000000 195
616.000000 195
605.000000 195
605.000000 195
583.000000 195
594.000000 195
583.000000 195
583.000000 195
583.000000 195
572.000000 195
583.000000 195
572.000000 195
572.000000 195
572.000000 195
572.000000 195
572.000000 195
572.000000 195
572.000000 195
572.000000 195
572.000000 125
517.000000 125
440.000000 125
407.000000 125
407.000000 125
374.000000 125
352.000000 125
341.000000 125
341.000000 125
341.000000 125
330.000000 125
319.000000 125
319.000000 125
319.000000 125
319.000000 125
330.000000 125
319.000000 125
319.000000 125
319.000000 125
319.000000 125
319.000000 10
198.000000 10
77.000000 10
55.000000 10
55.000000 10
11.000000 10
0.000000 10
0.000000 10
0.000000 10
0.000000 10
0.000000 10
0.000000 10
0.000000 10
0.000000 10
0.000000 10
0.000000 10
0.000000 10
0.000000 10
0.000000 10
0.000000 10
0.000000 40
22.000000 40
55.000000 40
33.000000 40
22.000000 40
0.000000 40
0.000000 40
0.000000 40
0.000000 40
0.000000 40
0.000000 40
0.000000 40
0.000000 40
0.000000 40
0.000000 40
0.000000 40
0.000000 40
0.000000 40
0.000000 40
0.000000 40
0.000000 146
132.000000 146
253.000000 146
231.000000 146
253.000000 146
308.000000 146
374.000000 146
407.000000 146
396.000000 146
374.000000 146
385.000000 146
407.000000 146
407.000000 146
407.000000 146
396.000000 146
407.000000 146
407.000000 146
407.000000 146
407.000000 146
407.000000 146
407.000000 21
275.000000 21
143.000000 21
99.000000 21
88.000000 21
44.000000 21
11.000000 21
0.000000 21
0.000000 21
0.000000 21
0.000000 21
0.000000 21
0.000000 21
0.000000 21
0.000000 21
0.000000 21
0.000000 21
0.000000 21
0.000000 21
0.000000 21
0.000000 159
154.000000 159
297.000000 159
275.000000 159
286.000000 159
363.000000 159
440.000000 159
462.000000 159
451.000000 159
429.000000 159
440.000000 159
462.000000 159
462.000000 159
451.000000 159
451.000000 159
462.000000 159
462.000000 159
462.000000 159
451.000000 159
462.000000 159
451.000000 197
495.000000 197
528.000000 197
539.000000 197
550.000000 197
561.000000 197
572.000000 197
583.000000 197
572.000000 197
583.000000 197
572.000000 197
594.000000 197
583.000000 197
583.000000 197
583.000000 197
583.000000 197
583.000000 197
594.000000 197
583.000000 197
583.000000 197
583.000000 248
627.000000 248
682.000000 248
704.000000 248
715.000000 248
726.000000 248
748.000000 248
737.000000 248
759.000000 248
748.000000 248
759.000000 248
748.000000 248
759.000000 248
770.000000 248
759.000000 248
759.000000 248
759.000000 248
759.000000 248
759.000000 248
770.000000 248
759.000000 216
737.000000 216
704.000000 216
704.000000 216
682.000000 216
671.000000 216
671.000000 216
671.000000 216
660.000000 216
660.000000 216
660.000000 216
660.000000 216
649.000000 216
660.000000 216
660.000000 216
649.000000 216
649.000000 216
660.000000 216
649.000000 216
660.000000 216
649.000000 202
638.000000 202
627.000000 202
627.000000 202
616.000000 202
616.000000 202
605.000000 202
605.000000 202
605.000000 202
605.000000 202
605.000000 202
605.000000 202
605.000000 202
605.000000 202
605.000000 202
594.000000 202
605.000000 202
605.000000 202
594.000000 202
605.000000 202
594.000000 40
451.000000 40
275.000000 40
220.000000 40
187.000000 40
132.000000 40
55.000000 40
0.000000 40
0.000000 40
0.000000 40
0.000000 40
0.000000 40
0.000000 40
0.000000 40
0.000000 40
0.000000 40
0.000000 40
0.000000 40
0.000000 40
0.000000 40
0.000000 51
11.000000 51
11.000000 51
22.000000 51
11.000000 51
0.000000 51
0.000000 51
0.000000 51
0.000000 51
0.000000 51
0.000000 51
0.000000 51
0.000000 51
0.000000 51
0.000000 51
0.000000 51
0.000000 51
0.000000 51
0.000000 51
0.000000 51
0.000000 112
66.000000 112
132.000000 112
143.000000 112
154.000000 112
198.000000 112
242.000000 112
275.000000 112
275.000000 112
264.000000 112
253.000000 112
264.000000 112
275.000000 112
275.000000 112
275.000000 112
275.000000 112
275.000000 112
275.000000 112
275.000000 112
275.000000 112
275.000000 1
154.000000 1
33.000000 1
0.000000 1
0.000000 1
0.000000 1
0.000000 1
0.000000 1
0.000000 1
0.000000 1
0.000000 1
0.000000 1
0.000000 1
0.000000 1
0.000000 1
0.000000 1
0.000000 1
0.000000 1
0.000000 1
0.000000 1
0.000000 220
242.000000 220
451.000000 220
407.000000 220
418.000000 220
528.000000 220
616.000000 220
616.000000 220
605.000000 220
627.000000 220
638.000000 220
649.000000 220
649.000000 220
649.000000 220
649.000000 220
660.000000 220
660.000000 220
649.000000 220
660.000000 220
660.000000 220
649.000000 103
572.000000 103
440.000000 103
407.000000 103
374.000000 103
330.000000 103
297.000000 103
264.000000 103
275.000000 103
253.000000 103
253.000000 103
242.000000 103
242.000000 103
231.000000 103
231.000000 103
242.000000 103
231.000000 103
231.000000 103
231.000000 103
220.000000 103
231.000000 16
143.000000 16
44.000000 16
33.000000 16
11.000000 16
0.000000 16
0.000000 16
0.000000 16
0.000000 16
0.000000 16
0.000000 16
0.000000 16
0.000000 16
0.000000 16
0.000000 16
0.000000 16
0.000000 16
0.000000 16
0.000000 16
0.000000 16
0.000000 78
66.000000 78
110.000000 78
110.000000 78
66.000000 78
66.000000 78
99.000000 78
99.000000 78
121.000000 78
110.000000 78
110.000000 78
121.000000 78
121.000000 78
121.000000 78
121.000000 78
121.000000 78
121.000000 78
110.000000 78
121.000000 78
121.000000 78
121.000000 249
297.000000 249
484.000000 249
517.000000 249
572.000000 249
671.000000 249
726.000000 249
726.000000 249
748.000000 249
748.000000 249
759.000000 249
770.000000 249
770.000000 249
770.000000 249
781.000000 249
770.000000 249
781.000000 249
781.000000 249
792.000000 249
781.000000 249
781.000000 103
660.000000 103
517.000000 103
451.000000 103
407.000000 103
363.000000 103
319.000000 103
297.000000 103
286.000000 103
286.000000 103
264.000000 103
242.000000 103
253.000000 103
242.000000 103
242.000000 103
231.000000 103
231.000000 103
231.000000 103
231.000000 103
231.000000 103
220.000000 75
198.000000 75
165.000000 75
154.000000 75
154.000000 75
132.000000 75
121.000000 75
110.000000 75
99.000000 75
110.000000 75
99.000000 75
110.000000 75
99.000000 75
99.000000 75
110.000000 75
99.000000 75
110.000000 75
110.000000 75
110.000000 75
110.000000 75
110.000000 61
88.000000 61
88.000000 61
77.000000 61
77.000000 61
66.000000 61
55.000000 61
55.000000 61
33.000000 61
44.000000 61
44.000000 61
33.000000 61
44.000000 61
33.000000 61
44.000000 61
44.000000 61
44.000000 61
44.000000 61
44.000000 61
44.000000 61
44.000000 77
55.000000 77
77.000000 77
66.000000 77
88.000000 77
77.000000 77
99.000000 77
99.000000 77
110.000000 77
110.000000 77
110.000000 77
121.000000 77
110.000000 77
121.000000 77
99.000000 77
110.000000 77
110.000000 77
110.000000 77
110.000000 77
110.000000 77
110.000000 45
66.000000 45
55.000000 45
33.000000 45
33.000000 45
22.000000 45
0.000000 45
0.000000 45
0.000000 45
0.000000 45
0.000000 45
0.000000 45
0.000000 45
0.000000 45
0.000000 45
0.000000 45
0.000000 45
0.000000 45
0.000000 45
0.000000 45
0.000000 191
165.000000 191
330.000000 191
330.000000 191
363.000000 191
473.000000 191
528.000000 191
539.000000 191
539.000000 191
528.000000 191
550.000000 191
550.000000 191
550.000000 191
550.000000 191
550.000000 191
572.000000 191
561.000000 191
561.000000 191
561.000000 191
561.000000 191
561.000000 220
583.000000 220
627.000000 220
638.000000 220
649.000000 220
649.000000 220
671.000000 220
660.000000 220
660.000000 220
671.000000 220
660.000000 220
660.000000 220
671.000000 220
660.000000 220
671.000000 220
660.000000 220
660.000000 220
660.000000 220
671.000000 220
660.000000 220
660.000000 17
484.000000 17
242.000000 17
176.000000 17
132.000000 17
77.000000 17
22.000000 17
0.000000 17
0.000000 17
0.000000 17
0.000000 17
0.000000 17
0.000000 17
0.000000 17
0.000000 17
0.000000 17
0.000000 17
0.000000 17
0.000000 17
0.000000 17
0.000000 123
110.000000 123
209.000000 123
176.000000 123
176.000000 123
220.000000 123
286.000000 123
330.000000 123
308.000000 123
286.000000 123
286.000000 123
286.000000 123
308.000000 123
308.000000 123
308.000000 123
297.000000 123
297.000000 123
308.000000 123
297.000000 123
308.000000 123
297.000000 70
253.000000 70
187.000000 70
176.000000 70
165.000000 70
143.000000 70
99.000000 70
88.000000 70
99.000000 70
88.000000 70
77.000000 70
88.000000 70
88.000000 70
66.000000 70
77.000000 70
77.000000 70
88.000000 70
88.000000 70
99.000000 70
88.000000 70
77.000000 233
264.000000 233
440.000000 233
462.000000 233
517.000000 233
616.000000 233