=~=~=~=~=~=~=~=~=~=~=~= PuTTY log 2023.03.17 15:19:33 =~=~=~=~=~=~=~=~=~=~=~=
#a195.00 220.00 122
185.00 215.00 122
190.00 215.00 122
185.00 215.00 122
185.00 210.00 122
190.00 210.00 122
180.00 215.00 122
185.00 210.00 252
245.00 370.00 252
420.00 505.00 252
485.00 605.00 252
535.00 640.00 252
565.00 660.00 252
575.00 675.00 252
585.00 675.00 252
590.00 680.00 252
590.00 685.00 252
590.00 680.00 252
590.00 680.00 252
595.00 685.00 252
590.00 685.00 252
595.00 685.00 252
600.00 690.00 252
595.00 685.00 252
595.00 690.00 252
600.00 690.00 252
595.00 685.00 252
600.00 690.00 -158
345.00 135.00 -158
-240.00 -125.00 -158
-265.00 -365.00 -158
-335.00 -390.00 -158
-355.00 -430.00 -158
-370.00 -430.00 -158
-375.00 -435.00 -158
-380.00 -435.00 -158
-380.00 -440.00 -158
-380.00 -435.00 -158
-380.00 -440.00 -158
-380.00 -435.00 -158
-380.00 -440.00 -158
-380.00 -435.00 -158
-375.00 -440.00 -158
-380.00 -435.00 -158
-375.00 -435.00 -158
-375.00 -435.00 -158
-370.00 -435.00 -158
-375.00 -435.00 -154
-370.00 -425.00 -154
-360.00 -420.00 -154
-360.00 -420.00 -154
-360.00 -420.00 -154
-355.00 -415.00 -154
-355.00 -415.00 -154
-360.00 -415.00 -154
-355.00 -420.00 -154
-360.00 -415.00 -154
-355.00 -410.00 -154
-355.00 -415.00 -154
-355.00 -415.00 -154
-355.00 -415.00 -154
-355.00 -415.00 -154
-355.00 -415.00 -154
-355.00 -410.00 -154
-355.00 -415.00 -154
-355.00 -415.00 -154
-355.00 -410.00 -154
-355.00 -415.00 223
-140.00 50.00 223
285.00 250.00 223
350.00 490.00 223
435.00 525.00 223
475.00 565.00 223
495.00 580.00 223
505.00 590.00 223
515.00 590.00 223
515.00 590.00 223
515.00 590.00 223
510.00 590.00 223
515.00 585.00 223
505.00 585.00 223
510.00 585.00 223
505.00 580.00 223
505.00 580.00 223
500.00 580.00 223
505.00 580.00 223
500.00 580.00 223
505.00 580.00 -161
275.00 85.00 -161
-245.00 -155.00 -161
-275.00 -380.00 -161
-345.00 -400.00 -161
-360.00 -435.00 -161
-380.00 -440.00 -161
-380.00 -445.00 -161
-385.00 -440.00 -161
-385.00 -445.00 -161
-385.00 -445.00 -161
-385.00 -445.00 -161
-380.00 -440.00 -161
-385.00 -445.00 -161
-385.00 -445.00 -161
-380.00 -440.00 -161
-380.00 -440.00 -161
-380.00 -440.00 -161
-375.00 -440.00 -161
-380.00 -440.00 -161
-375.00 -440.00 -143
-370.00 -410.00 -143
-335.00 -395.00 -143
-330.00 -375.00 -143
-320.00 -375.00 -143
-325.00 -375.00 -143
-315.00 -370.00 -143
-320.00 -370.00 -143
-320.00 -370.00 -143
-315.00 -370.00 -143
-315.00 -370.00 -143
-320.00 -365.00 -143
-315.00 -370.00 -143
-315.00 -370.00 -143
-320.00 -365.00 -143
-315.00 -370.00 -143
-315.00 -365.00 -143
-315.00 -365.00 -143
-315.00 -370.00 -143
-310.00 -365.00 -143
-320.00 -365.00 -47
-240.00 -215.00 -47
70.00 -80.00 -47
550.00 0.00 -47
550.00 0.00 -47
550.00 0.00 -47
550.00 0.00 -47
550.00 0.00 -47
550.00 0.00 -47
550.00 0.00 -47
550.00 0.00 -47
550.00 0.00 -47
550.00 0.00 -47
550.00 0.00 -47
550.00 0.00 -47
550.00 0.00 -47
550.00 0.00 -47
550.00 0.00 -47
550.00 0.00 -47
550.00 0.00 -47
550.00 0.00 -14
5.00 0.00 -14
0.00 0.00 -14
0.00 0.00 -14
0.00 0.00 -14
0.00 0.00 -14
0.00 0.00 -14
0.00 0.00 -14
0.00 0.00 -14
0.00 0.00 -14
0.00 0.00 -14
0.00 0.00 -14
0.00 0.00 -14
0.00 0.00 -14
0.00 0.00 -14
0.00 0.00 -14
0.00 0.00 -14
0.00 0.00 -14
0.00 0.00 -14
0.00 0.00 -14
0.00 0.00 -96
120.00 -50.00 -96
-100.00 -90.00 -96
-135.00 -145.00 -96
-145.00 -170.00 -96
-145.00 -170.00 -96
-145.00 -175.00 -96
-155.00 -175.00 -96
-155.00 -180.00 -96
-155.00 -180.00 -96
-155.00 -180.00 -96
-155.00 -180.00 -96
-155.00 -175.00 -96
-150.00 -180.00 -96
-160.00 -180.00 -96
-155.00 -185.00 -96
-155.00 -175.00 -96
-155.00 -180.00 -96
-155.00 -180.00 -96
-145.00 -175.00 -96
-155.00 -170.00 253
-5.00 210.00 253
355.00 375.00 253
430.00 590.00 253
515.00 630.00 253
560.00 660.00 253
575.00 680.00 253
590.00 685.00 253
600.00 690.00 253
600.00 690.00 253
600.00 695.00 253
595.00 685.00 253
595.00 690.00 253
595.00 680.00 253
590.00 685.00 253
595.00 680.00 253
590.00 680.00 253
585.00 680.00 253
590.00 680.00 253
590.00 680.00 253
585.00 675.00 -11
440.00 325.00 -11
15.00 70.00 -11
0.00 0.00 -11
0.00 0.00 -11
0.00 0.00 -11
0.00 0.00 -11
0.00 0.00 -11
0.00 0.00 -11
0.00 0.00 -11
0.00 0.00 -11
0.00 0.00 -11
0.00 0.00 -11
0.00 0.00 -11
0.00 0.00 -11
0.00 0.00 -11
0.00 0.00 -11
0.00 0.00 -11
0.00 0.00 -11
0.00 0.00 -11
0.00 0.00 -132
-65.00 -125.00 -132
-245.00 -205.00 -132
-245.00 -315.00 -132
-275.00 -310.00 -132
-275.00 -330.00 -132
-285.00 -325.00 -132
-285.00 -335.00 -132
-290.00 -325.00 -132
-285.00 -330.00 -132
-285.00 -330.00 -132
-285.00 -325.00 -132
-285.00 -330.00 -132
-285.00 -325.00 -132
-285.00 -325.00 -132
-280.00 -330.00 -132
-285.00 -325.00 -132
-285.00 -325.00 -132
-280.00 -325.00 -132
-280.00 -325.00 -132
-285.00 -325.00 47
-145.00 -55.00 47
60.00 0.00 47
0.00 0.00 47
0.00 0.00 47
0.00 0.00 47
0.00 -45.00 47
0.00 0.00 47
0.00 0.00 47
0.00 0.00 47
0.00 0.00 47
0.00 0.00 47
0.00 0.00 47
0.00 0.00 47
0.00 0.00 47
0.00 0.00 47
0.00 0.00 47
0.00 0.00 47
0.00 0.00 47
0.00 0.00 47
0.00 0.00 205
50.00 190.00 205
285.00 280.00 205
335.00 455.00 205
410.00 480.00 205
425.00 505.00 205
445.00 515.00 205
455.00 525.00 205
455.00 520.00 205
455.00 520.00 205
450.00 520.00 205
455.00 520.00 205
450.00 515.00 205
450.00 520.00 205
450.00 510.00 205
445.00 515.00 205
440.00 510.00 205
445.00 510.00 205
440.00 505.00 205
445.00 510.00 205
440.00 505.00 191
435.00 490.00 191
415.00 480.00 191
415.00 470.00 191
405.00 465.00 191
405.00 465.00 191
405.00 465.00 191
405.00 465.00 191
400.00 465.00 191
405.00 465.00 191
400.00 460.00 191
405.00 460.00 191
400.00 460.00 191
400.00 460.00 191
400.00 460.00 191
400.00 460.00 191
400.00 460.00 191
405.00 460.00 191
400.00 465.00 191
405.00 460.00 191
400.00 460.00 148
380.00 410.00 148
325.00 365.00 148
300.00 335.00 148
285.00 325.00 148
275.00 310.00 148
270.00 310.00 148
270.00 305.00 148
270.00 310.00 148
260.00 305.00 148
270.00 300.00 148
260.00 305.00 148
270.00 300.00 148
260.00 305.00 148
270.00 300.00 148
260.00 305.00 148
265.00 300.00 148
265.00 305.00 148
265.00 300.00 148
265.00 305.00 148
260.00 305.00 80
225.00 205.00 80
85.00 120.00 80
40.00 50.00 80
15.00 20.00 80
5.00 -15.00 80
0.00 0.00 80
0.00 0.00 80
0.00 0.00 80
0.00 0.00 80
0.00 0.00 80
0.00 0.00 80
0.00 0.00 80
0.00 0.00 80
0.00 10.00 80
0.00 0.00 80
0.00 -35.00 80
0.00 0.00 80
0.00 0.00 80
0.00 -35.00 80
0.00 0.00 -42
-5.00 -45.00 -42
0.00 -5.00 -42
0.00 0.00 -42
0.00 0.00 -42
0.00 0.00 -42
0.00 0.00 -42
0.00 0.00 -42
0.00 0.00 -42
0.00 0.00 -42
0.00 0.00 -42
0.00 0.00 -42
0.00 0.00 -42
0.00 0.00 -42
0.00 0.00 -42
0.00 0.00 -42
0.00 0.00 -42
0.00 0.00 -42
0.00 0.00 -42
0.00 0.00 -42
0.00 0.00 -59
0.00 -15.00 -59
0.00 0.00 -59
0.00 0.00 -59
0.00 0.00 -59
0.00 0.00 -59
0.00 0.00 -59
0.00 0.00 -59
0.00 0.00 -59
0.00 0.00 -59
0.00 0.00 -59
0.00 0.00 -59
0.00 0.00 -59
0.00 0.00 -59
0.00 0.00 -59
0.00 0.00 -59
0.00 0.00 -59
0.00 0.00 -59
0.00 0.00 -59
0.00 0.00 -59
0.00 0.00 -127
-35.00 -115.00 -127
-205.00 -185.00 -127
-225.00 -275.00 -127
-240.00 -280.00 -127
-255.00 -300.00 -127
-260.00 -295.00 -127
-260.00 -295.00 -127
-260.00 -300.00 -127
-260.00 -300.00 -127
-265.00 -300.00 -127
-260.00 -300.00 -127
-265.00 -300.00 -127
-260.00 -300.00 -127
-265.00 -300.00 -127
-260.00 -300.00 -127
-255.00 -295.00 -127
-260.00 -300.00 -127
-260.00 -295.00 -127
-260.00 -295.00 -127
-255.00 -300.00 165
-90.00 50.00 165
180.00 160.00 165
230.00 300.00 165
285.00 330.00 165
300.00 360.00 165
320.00 370.00 165
325.00 370.00 165
330.00 380.00 165
325.00 375.00 165
325.00 370.00 165
330.00 370.00 165
320.00 375.00 165
325.00 365.00 165
325.00 370.00 165
320.00 370.00 165
325.00 360.00 165
315.00 365.00 165
320.00 360.00 165
315.00 360.00 165
315.00 360.00 160
310.00 355.00 160
305.00 350.00 160
305.00 345.00 160
295.00 345.00 160
305.00 340.00 160
300.00 345.00 160
300.00 345.00 160
300.00 345.00 160
295.00 345.00 160
300.00 335.00 160
300.00 345.00 160
295.00 340.00 160
300.00 340.00 160
300.00 345.00 160
295.00 340.00 160
295.00 335.00 160
295.00 345.00 160
300.00 335.00 160
295.00 345.00 160
300.00 340.00 -26
175.00 80.00 -26
-60.00 0.00 -26
0.00 0.00 -26
0.00 0.00 -26
0.00 0.00 -26
0.00 0.00 -26
0.00 0.00 -26
0.00 0.00 -26
0.00 0.00 -26
0.00 0.00 -26
0.00 0.00 -26
0.00 0.00 -26
0.00 0.00 -26
0.00 0.00 -26
0.00 0.00 -26
0.00 0.00 -26
0.00 0.00 -26
0.00 0.00 -26
0.00 0.00 -26
0.00 0.00 -4
0.00 0.00 -4
0.00 0.00 -4
0.00 0.00 -4
0.00 0.00 -4
0.00 0.00 -4
0.00 0.00 -4
0.00 0.00 -4
0.00 0.00 -4
0.00 0.00 -4
0.00 0.00 -4
0.00 0.00 -4
0.00 0.00 -4
0.00 0.00 -4
0.00 0.00 -4
0.00 0.00 -4
0.00 0.00 -4
0.00 0.00 -4
0.00 0.00 -4
0.00 0.00 -4
0.00 0.00 -239
-95.00 -280.00 -239
-410.00 -470.00 -239
-495.00 -650.00 -239
-570.00 -690.00 -239
-600.00 -705.00 -239
-615.00 -715.00 -239
-620.00 -720.00 -239
-625.00 -725.00 -239
-625.00 -725.00 -239
-620.00 -725.00 -239
-625.00 -720.00 -239
-620.00 -720.00 -239
-615.00 -720.00 -239
-615.00 -720.00 -239
-615.00 -715.00 -239
-610.00 -715.00 -239
-610.00 -715.00 -239
-610.00 -715.00 -239
-610.00 -710.00 -239
-610.00 -715.00 40
-420.00 -280.00 40
70.00 -20.00 40
25.00 0.00 40
0.00 0.00 40
0.00 0.00 40
0.00 0.00 40
0.00 0.00 40
0.00 0.00 40
0.00 0.00 40
0.00 0.00 40
0.00 0.00 40
0.00 0.00 40
0.00 0.00 40
0.00 0.00 40
0.00 0.00 40
0.00 0.00 40
0.00 0.00 40
0.00 0.00 40
0.00 0.00 40
0.00 0.00 78
0.00 35.00 78
25.00 10.00 78
5.00 15.00 78
5.00 -40.00 78
0.00 0.00 78
0.00 0.00 78
0.00 0.00 78
0.00 0.00 78
0.00 0.00 78
0.00 0.00 78
0.00 0.00 78
0.00 0.00 78
0.00 0.00 78
0.00 0.00 78
0.00 0.00 78
0.00 0.00 78
0.00 0.00 78
0.00 0.00 78
0.00 0.00 78
0.00 0.00 147
25.00 95.00 147
180.00 180.00 147
220.00 275.00 147
255.00 295.00 147
265.00 315.00 147
280.00 320.00 147
280.00 320.00 147
280.00 325.00 147
280.00 315.00 147
275.00 320.00 147
280.00 310.00 147
275.00 320.00 147
275.00 310.00 147
275.00 315.00 147
270.00 310.00 147
275.00 310.00 147
270.00 310.00 147
270.00 310.00 147
270.00 310.00 147
265.00 305.00 -103
120.00 0.00 -103
-120.00 -85.00 -103
-130.00 -165.00 -103
-155.00 -180.00 -103
-160.00 -190.00 -103
-165.00 -190.00 -103
-